Using pre-set license
Built from '2020.2/staging' branch; Version is '2020.2.3f1 (8ff31bc5bf5b) revision 9433883'; Using compiler version '192528614'; Build Type 'Release'
OS: 'Windows 10 Enterprise; OS build 17763.1039; Version 1809; 64bit' Language: 'en' Physical Memory: 16283 MB
BatchMode: 1, IsHumanControllingUs: 0, StartBugReporterOnCrash: 0, Is64bit: 1, IsPro: 0

 COMMAND LINE ARGUMENTS:
C:\Program Files\Unity\Hub\Editor\2020.2.3f1\Editor\Unity.exe
-adb2
-batchMode
-noUpm
-name
AssetImportWorker0
-projectPath
C:/Users/cdw17b/EscapeDude
-logFile
Logs/AssetImportWorker0.log
-srvPort
54794
Successfully changed project path to: C:/Users/cdw17b/EscapeDude
C:/Users/cdw17b/EscapeDude
Using Asset Import Pipeline V2.
Refreshing native plugins compatible for Editor in 62.04 ms, found 3 plugins.
Preloading 1 native plugins for Editor in 1.34 ms.
Initialize engine version: 2020.2.3f1 (8ff31bc5bf5b)
[Subsystems] Discovering subsystems at path C:/Program Files/Unity/Hub/Editor/2020.2.3f1/Editor/Data/Resources/UnitySubsystems
[Subsystems] Discovering subsystems at path C:/Users/cdw17b/EscapeDude/Assets
GfxDevice: creating device client; threaded=0
Direct3D:
    Version:  Direct3D 11.0 [level 11.1]
    Renderer: NVIDIA GeForce GTX 1070 (ID=0x1b81)
    Vendor:   
    VRAM:     8088 MB
    Driver:   26.21.14.4166
Shader 'Universal Render Pipeline/Particles/Lit': fallback shader 'Universal Render Pipeline/Particles/SimpleLit' not found
Initialize mono
Mono path[0] = 'C:/Program Files/Unity/Hub/Editor/2020.2.3f1/Editor/Data/Managed'
Mono path[1] = 'C:/Program Files/Unity/Hub/Editor/2020.2.3f1/Editor/Data/MonoBleedingEdge/lib/mono/unityjit'
Mono config path = 'C:/Program Files/Unity/Hub/Editor/2020.2.3f1/Editor/Data/MonoBleedingEdge/etc'
Using monoOptions --debugger-agent=transport=dt_socket,embedding=1,server=y,suspend=n,address=127.0.0.1:56984
Begin MonoManager ReloadAssembly
Registering precompiled unity dll's ...
Register platform support module: C:/Program Files/Unity/Hub/Editor/2020.2.3f1/Editor/Data/PlaybackEngines/WindowsStandaloneSupport/UnityEditor.WindowsStandalone.Extensions.dll
Registered in 0.002280 seconds.
Native extension for WindowsStandalone target not found
Refreshing native plugins compatible for Editor in 61.76 ms, found 3 plugins.
Preloading 1 native plugins for Editor in 0.48 ms.
Invoked RoslynAnalysisRunner static constructor.
RoslynAnalysisRunner will not be running.
RoslynAnalysisRunner has terminated.
Mono: successfully reloaded assembly
- Completed reload, in  1.469 seconds
Platform modules already initialized, skipping
Registering precompiled user dll's ...
Registered in 0.004698 seconds.
Begin MonoManager ReloadAssembly
Native extension for WindowsStandalone target not found
Refreshing native plugins compatible for Editor in 59.85 ms, found 3 plugins.
Preloading 1 native plugins for Editor in 0.12 ms.
Invoked RoslynAnalysisRunner static constructor.
RoslynAnalysisRunner will not be running.
RoslynAnalysisRunner has terminated.
[XR] OculusXRPlugin: registering subsystems
[XR] Unable to register display lifecyle provider: [1]
[XR] Oculus Input lifecycle provider registered.
[XR] Unable to register input lifecyle provider: [1]
NullReferenceException: Object reference not set to an instance of an object
  at Unity.XR.Oculus.OculusLoader.AssetPathToAbsolutePath (System.String assetPath) [0x00048] in C:\Users\cdw17b\EscapeDude\Library\PackageCache\com.unity.xr.oculus@1.6.1\Runtime\OculusLoader.cs:242 
  at Unity.XR.Oculus.OculusLoader.EditorLoadOVRPlugin () [0x0007b] in C:\Users\cdw17b\EscapeDude\Library\PackageCache\com.unity.xr.oculus@1.6.1\Runtime\OculusLoader.cs:227 

(Filename: Library/PackageCache/com.unity.xr.oculus@1.6.1/Runtime/OculusLoader.cs Line: 242)

Mono: successfully reloaded assembly
- Completed reload, in  1.111 seconds
Platform modules already initialized, skipping
========================================================================
Worker process is ready to serve import requests
Shader 'Universal Render Pipeline/Particles/Lit': fallback shader 'Universal Render Pipeline/Particles/SimpleLit' not found
Launched and connected shader compiler UnityShaderCompiler.exe after 0.07 seconds
Refreshing native plugins compatible for Editor in 1.09 ms, found 3 plugins.
Preloading 1 native plugins for Editor in 0.12 ms.
Unloading 3154 Unused Serialized files (Serialized files now loaded: 0)
System memory in use before: 135.3 MB.
System memory in use after: 135.5 MB.

Unloading 13 unused Assets to reduce memory usage. Loaded Objects now: 3595.
Total: 2.663800 ms (FindLiveObjects: 0.430200 ms CreateObjectMapping: 0.179700 ms MarkObjects: 1.935100 ms  DeleteObjects: 0.117700 ms)

========================================================================
Received Import Request.
  path: Assets/Readme.asset
  artifactKey: Guid(3ba1d07eed67b0049afc97a6f49a209a) Importer(815301076,1909f56bfc062723c751e8b465ee728b)
Start importing Assets/Readme.asset using Guid(3ba1d07eed67b0049afc97a6f49a209a) Importer(815301076,1909f56bfc062723c751e8b465ee728b)  -> (artifact id: '9fb491185dd94abd34cbadb6f141fbbb') in 0.036240 seconds
  Import took 0.041269 seconds .

========================================================================
Received Import Request.
  Time since last request: 191.461640 seconds.
  path: Assets/VR Beginner/Scenes
  artifactKey: Guid(2b0e93446796ee64f93364ebe6c513e0) Importer(815301076,1909f56bfc062723c751e8b465ee728b)
Start importing Assets/VR Beginner/Scenes using Guid(2b0e93446796ee64f93364ebe6c513e0) Importer(815301076,1909f56bfc062723c751e8b465ee728b)  -> (artifact id: 'a071c87614c761d5d3404494491d97dd') in 0.008284 seconds
  Import took 0.013847 seconds .

========================================================================
Received Import Request.
  Time since last request: 0.000571 seconds.
  path: Assets/VR Beginner/Scenes
  artifactKey: Guid(2b0e93446796ee64f93364ebe6c513e0) Importer(815301076,1909f56bfc062723c751e8b465ee728b)
Start importing Assets/VR Beginner/Scenes using Guid(2b0e93446796ee64f93364ebe6c513e0) Importer(815301076,1909f56bfc062723c751e8b465ee728b)  -> (artifact id: 'a071c87614c761d5d3404494491d97dd') in 0.006309 seconds
  Import took 0.012015 seconds .

========================================================================
Received Import Request.
  Time since last request: 1.327161 seconds.
  path: Assets/VR Beginner/Scenes/Final
  artifactKey: Guid(0e9c7d18fdd7bcb4fa36ba584c641b20) Importer(815301076,1909f56bfc062723c751e8b465ee728b)
Start importing Assets/VR Beginner/Scenes/Final using Guid(0e9c7d18fdd7bcb4fa36ba584c641b20) Importer(815301076,1909f56bfc062723c751e8b465ee728b)  -> (artifact id: 'c743d6e373b49ee5a9275f8b538d608f') in 0.008157 seconds
  Import took 0.014194 seconds .

========================================================================
Received Import Request.
  Time since last request: 1.947337 seconds.
  path: Assets/VR Beginner/Scenes/Final/PrototypeScene.unity
  artifactKey: Guid(5ff136f1bfd1b4f439ebe94b8ca30146) Importer(815301076,1909f56bfc062723c751e8b465ee728b)
Start importing Assets/VR Beginner/Scenes/Final/PrototypeScene.unity using Guid(5ff136f1bfd1b4f439ebe94b8ca30146) Importer(815301076,1909f56bfc062723c751e8b465ee728b)  -> (artifact id: 'c74a58a0efae7904c1ea4c5d4cb96ed3') in 0.007946 seconds
  Import took 0.013588 seconds .

========================================================================
Received Import Request.
  Time since last request: 0.002021 seconds.
  path: Assets/VR Beginner/Scenes/Final/PrototypeScene.unity
  artifactKey: Guid(5ff136f1bfd1b4f439ebe94b8ca30146) Importer(815301076,1909f56bfc062723c751e8b465ee728b)
Start importing Assets/VR Beginner/Scenes/Final/PrototypeScene.unity using Guid(5ff136f1bfd1b4f439ebe94b8ca30146) Importer(815301076,1909f56bfc062723c751e8b465ee728b)  -> (artifact id: 'c74a58a0efae7904c1ea4c5d4cb96ed3') in 0.006119 seconds
  Import took 0.011930 seconds .

========================================================================
Received Import Request.
  Time since last request: 0.545858 seconds.
  path: Assets/VR Beginner/Scenes/Final/EscapeRoom.unity
  artifactKey: Guid(0f290611f0f8be4419d06b71aba4e36a) Importer(815301076,1909f56bfc062723c751e8b465ee728b)
Start importing Assets/VR Beginner/Scenes/Final/EscapeRoom.unity using Guid(0f290611f0f8be4419d06b71aba4e36a) Importer(815301076,1909f56bfc062723c751e8b465ee728b)  -> (artifact id: 'd985a027741b77ec4affc2d1047c57ed') in 0.007275 seconds
  Import took 0.013496 seconds .

========================================================================
Received Prepare
Registering precompiled user dll's ...
Registered in 0.004638 seconds.
Begin MonoManager ReloadAssembly
Native extension for WindowsStandalone target not found
Refreshing native plugins compatible for Editor in 0.94 ms, found 3 plugins.
Preloading 1 native plugins for Editor in 0.19 ms.
Invoked RoslynAnalysisRunner static constructor.
RoslynAnalysisRunner will not be running.
RoslynAnalysisRunner has terminated.
NullReferenceException: Object reference not set to an instance of an object
  at Unity.XR.Oculus.OculusLoader.AssetPathToAbsolutePath (System.String assetPath) [0x00048] in C:\Users\cdw17b\EscapeDude\Library\PackageCache\com.unity.xr.oculus@1.6.1\Runtime\OculusLoader.cs:242 
  at Unity.XR.Oculus.OculusLoader.EditorLoadOVRPlugin () [0x0007b] in C:\Users\cdw17b\EscapeDude\Library\PackageCache\com.unity.xr.oculus@1.6.1\Runtime\OculusLoader.cs:227 

(Filename: Library/PackageCache/com.unity.xr.oculus@1.6.1/Runtime/OculusLoader.cs Line: 242)

Mono: successfully reloaded assembly
- Completed reload, in  1.000 seconds
Platform modules already initialized, skipping
Shader 'Universal Render Pipeline/Particles/Lit': fallback shader 'Universal Render Pipeline/Particles/SimpleLit' not found
Refreshing native plugins compatible for Editor in 1.35 ms, found 3 plugins.
Preloading 1 native plugins for Editor in 0.21 ms.
Unloading 3027 Unused Serialized files (Serialized files now loaded: 0)
System memory in use before: 128.6 MB.
System memory in use after: 128.8 MB.

Unloading 8 unused Assets to reduce memory usage. Loaded Objects now: 3598.
Total: 3.399500 ms (FindLiveObjects: 0.674000 ms CreateObjectMapping: 0.376300 ms MarkObjects: 2.252000 ms  DeleteObjects: 0.094900 ms)

========================================================================
Received Import Request.
  Time since last request: 938.429072 seconds.
  path: Assets/VR Beginner/Prefabs
  artifactKey: Guid(4e7f690001c11254797d08696ea41c86) Importer(815301076,1909f56bfc062723c751e8b465ee728b)
Start importing Assets/VR Beginner/Prefabs using Guid(4e7f690001c11254797d08696ea41c86) Importer(815301076,1909f56bfc062723c751e8b465ee728b)  -> (artifact id: '071b5988a5796cab253fec81a0e99ab4') in 0.011878 seconds
  Import took 0.019481 seconds .

========================================================================
Received Import Request.
  Time since last request: 3.818192 seconds.
  path: Assets/VR Beginner/Prefabs/Tutorial
  artifactKey: Guid(7693b3503fdd20a439ab0007bc76cb0b) Importer(815301076,1909f56bfc062723c751e8b465ee728b)
Start importing Assets/VR Beginner/Prefabs/Tutorial using Guid(7693b3503fdd20a439ab0007bc76cb0b) Importer(815301076,1909f56bfc062723c751e8b465ee728b)  -> (artifact id: '937872ce9301585d4220b478dd98f83c') in 0.007191 seconds
  Import took 0.013756 seconds .

========================================================================
Received Import Request.
  Time since last request: 0.001268 seconds.
  path: Assets/VR Beginner/Prefabs/Tutorial
  artifactKey: Guid(7693b3503fdd20a439ab0007bc76cb0b) Importer(815301076,1909f56bfc062723c751e8b465ee728b)
Start importing Assets/VR Beginner/Prefabs/Tutorial using Guid(7693b3503fdd20a439ab0007bc76cb0b) Importer(815301076,1909f56bfc062723c751e8b465ee728b)  -> (artifact id: '937872ce9301585d4220b478dd98f83c') in 0.005678 seconds
  Import took 0.011728 seconds .

========================================================================
Received Import Request.
  Time since last request: 0.058543 seconds.
  path: Assets/VR Beginner/Prefabs/Tutorial/Fuse.prefab
  artifactKey: Guid(3341466b7de624346be882932da05b6d) Importer(815301076,1909f56bfc062723c751e8b465ee728b)
Start importing Assets/VR Beginner/Prefabs/Tutorial/Fuse.prefab using Guid(3341466b7de624346be882932da05b6d) Importer(815301076,1909f56bfc062723c751e8b465ee728b)  -> (artifact id: '4e3e8f95039a2d69b089544ce81e0003') in 0.040255 seconds
  Import took 0.046054 seconds .

========================================================================
Received Import Request.
  Time since last request: 0.000269 seconds.
  path: Assets/VR Beginner/Prefabs/Tutorial/HandProto.prefab
  artifactKey: Guid(3467bca67fe9c5c49bc35b025f5814ee) Importer(815301076,1909f56bfc062723c751e8b465ee728b)
Start importing Assets/VR Beginner/Prefabs/Tutorial/HandProto.prefab using Guid(3467bca67fe9c5c49bc35b025f5814ee) Importer(815301076,1909f56bfc062723c751e8b465ee728b)  -> (artifact id: '27c47fcf59da6eaa47be497fbefe5889') in 0.206159 seconds
  Import took 0.211731 seconds .

========================================================================
Received Import Request.
  Time since last request: 0.000314 seconds.
  path: Assets/VR Beginner/Prefabs/Tutorial/TeleporterBase.prefab
  artifactKey: Guid(321c75abba1ac9940b4193b057edc132) Importer(815301076,1909f56bfc062723c751e8b465ee728b)
Start importing Assets/VR Beginner/Prefabs/Tutorial/TeleporterBase.prefab using Guid(321c75abba1ac9940b4193b057edc132) Importer(815301076,1909f56bfc062723c751e8b465ee728b)  -> (artifact id: '8f41ec6d8e9461961d35fb9f8d76d308') in 0.046444 seconds
  Import took 0.051996 seconds .

========================================================================
Received Import Request.
  Time since last request: 0.000306 seconds.
  path: Assets/VR Beginner/Prefabs/Tutorial/Fusebox.prefab
  artifactKey: Guid(9d10edaecc9279d41baf1d5e360afc08) Importer(815301076,1909f56bfc062723c751e8b465ee728b)
Start importing Assets/VR Beginner/Prefabs/Tutorial/Fusebox.prefab using Guid(9d10edaecc9279d41baf1d5e360afc08) Importer(815301076,1909f56bfc062723c751e8b465ee728b)  -> (artifact id: '810b34dacf092eb6b0c07c29129cb97d') in 0.419703 seconds
  Import took 0.425289 seconds .

========================================================================
Received Import Request.
  Time since last request: 57.580293 seconds.
  path: Assets/VR Beginner/VFX/Cauldron/CauldronBubbles.vfx
  artifactKey: Guid(e78d084f89fcb484f8d893f530aa7401) Importer(815301076,1909f56bfc062723c751e8b465ee728b)
Start importing Assets/VR Beginner/VFX/Cauldron/CauldronBubbles.vfx using Guid(e78d084f89fcb484f8d893f530aa7401) Importer(815301076,1909f56bfc062723c751e8b465ee728b)  -> (artifact id: '5ae4947dc16a55261b0c95ab12ce9af6') in 0.012878 seconds
  Import took 0.019194 seconds .

========================================================================
Received Import Request.
  Time since last request: 0.000281 seconds.
  path: Assets/VR Beginner/VFX/Cauldron/CauldronSplash.vfx
  artifactKey: Guid(1105defcb56acf948bc9bcb11c2d159b) Importer(815301076,1909f56bfc062723c751e8b465ee728b)
Start importing Assets/VR Beginner/VFX/Cauldron/CauldronSplash.vfx using Guid(1105defcb56acf948bc9bcb11c2d159b) Importer(815301076,1909f56bfc062723c751e8b465ee728b)  -> (artifact id: 'ce7b5ebe17b8a817ca7e4d5a99be0b5a') in 0.011005 seconds
  Import took 0.017693 seconds .

========================================================================
Received Import Request.
  Time since last request: 0.000265 seconds.
  path: Assets/VR Beginner/VFX/Cauldron/CauldronBubbles.vfx
  artifactKey: Guid(e78d084f89fcb484f8d893f530aa7401) Importer(815301076,1909f56bfc062723c751e8b465ee728b)
Start importing Assets/VR Beginner/VFX/Cauldron/CauldronBubbles.vfx using Guid(e78d084f89fcb484f8d893f530aa7401) Importer(815301076,1909f56bfc062723c751e8b465ee728b)  -> (artifact id: '5ae4947dc16a55261b0c95ab12ce9af6') in 0.010087 seconds
  Import took 0.015682 seconds .

========================================================================
Received Import Request.
  Time since last request: 0.007503 seconds.
  path: Assets/VR Beginner/VFX/Cauldron/CauldronSplash.vfx
  artifactKey: Guid(1105defcb56acf948bc9bcb11c2d159b) Importer(815301076,1909f56bfc062723c751e8b465ee728b)
Start importing Assets/VR Beginner/VFX/Cauldron/CauldronSplash.vfx using Guid(1105defcb56acf948bc9bcb11c2d159b) Importer(815301076,1909f56bfc062723c751e8b465ee728b)  -> (artifact id: 'ce7b5ebe17b8a817ca7e4d5a99be0b5a') in 0.008077 seconds
  Import took 0.014168 seconds .

========================================================================
Received Import Request.
  Time since last request: 13.978528 seconds.
  path: Assets/VR Beginner/Prefabs/Tutorial/Objects
  artifactKey: Guid(67ea8dbc2e00efc459ba3c0705e9914f) Importer(815301076,1909f56bfc062723c751e8b465ee728b)
Start importing Assets/VR Beginner/Prefabs/Tutorial/Objects using Guid(67ea8dbc2e00efc459ba3c0705e9914f) Importer(815301076,1909f56bfc062723c751e8b465ee728b)  -> (artifact id: '61c095ac11f32a999439d8f1cd40655d') in 0.007831 seconds
  Import took 0.014254 seconds .

========================================================================
Received Import Request.
  Time since last request: 0.050362 seconds.
  path: Assets/VR Beginner/Prefabs/Tutorial/Objects/BubbleGun.prefab
  artifactKey: Guid(86f1e130be26d544cb16ee5ce13847c4) Importer(815301076,1909f56bfc062723c751e8b465ee728b)
Start importing Assets/VR Beginner/Prefabs/Tutorial/Objects/BubbleGun.prefab using Guid(86f1e130be26d544cb16ee5ce13847c4) Importer(815301076,1909f56bfc062723c751e8b465ee728b)  -> (artifact id: 'abedba7e58b052cce0f3dc7669944c16') in 0.395418 seconds
  Import took 0.401037 seconds .

========================================================================
Received Import Request.
  Time since last request: 0.000264 seconds.
  path: Assets/VR Beginner/Prefabs/Tutorial/Objects/LaserPointer.prefab
  artifactKey: Guid(f6c01721d5610d94db6a04110a48ad53) Importer(815301076,1909f56bfc062723c751e8b465ee728b)
Start importing Assets/VR Beginner/Prefabs/Tutorial/Objects/LaserPointer.prefab using Guid(f6c01721d5610d94db6a04110a48ad53) Importer(815301076,1909f56bfc062723c751e8b465ee728b)  -> (artifact id: 'dd8c31d7ae8a580586772eac75ecfcb6') in 0.020874 seconds
  Import took 0.027118 seconds .

========================================================================
Received Import Request.
  Time since last request: 0.000383 seconds.
  path: Assets/VR Beginner/Prefabs/Tutorial/Objects/Fan.prefab
  artifactKey: Guid(8706b42d17b2b03439d3840f59327776) Importer(815301076,1909f56bfc062723c751e8b465ee728b)
Start importing Assets/VR Beginner/Prefabs/Tutorial/Objects/Fan.prefab using Guid(8706b42d17b2b03439d3840f59327776) Importer(815301076,1909f56bfc062723c751e8b465ee728b)  -> (artifact id: 'cef28aea42a7840d8802ddd42a95d5c7') in 0.026399 seconds
  Import took 0.032766 seconds .

========================================================================
Received Import Request.
  Time since last request: 0.000299 seconds.
  path: Assets/VR Beginner/Prefabs/Tutorial/Objects/Toothbrush.prefab
  artifactKey: Guid(2fa3a24ccec0b0f45b97019c1c2992c9) Importer(815301076,1909f56bfc062723c751e8b465ee728b)
Start importing Assets/VR Beginner/Prefabs/Tutorial/Objects/Toothbrush.prefab using Guid(2fa3a24ccec0b0f45b97019c1c2992c9) Importer(815301076,1909f56bfc062723c751e8b465ee728b)  -> (artifact id: '8445dcb0ae164e8c6266dc894c73613b') in 0.021538 seconds
  Import took 0.026861 seconds .

========================================================================
Received Import Request.
  Time since last request: 0.001972 seconds.
  path: Assets/VR Beginner/Prefabs/Tutorial/Objects/Toothbrush.prefab
  artifactKey: Guid(2fa3a24ccec0b0f45b97019c1c2992c9) Importer(815301076,1909f56bfc062723c751e8b465ee728b)
Start importing Assets/VR Beginner/Prefabs/Tutorial/Objects/Toothbrush.prefab using Guid(2fa3a24ccec0b0f45b97019c1c2992c9) Importer(815301076,1909f56bfc062723c751e8b465ee728b)  -> (artifact id: '8445dcb0ae164e8c6266dc894c73613b') in 0.018603 seconds
  Import took 0.024391 seconds .

========================================================================
Received Import Request.
  Time since last request: 549.586977 seconds.
  path: Assets/VR Beginner/Audio
  artifactKey: Guid(cf8b71ecd80afd443b6b99ab707101c6) Importer(815301076,1909f56bfc062723c751e8b465ee728b)
Start importing Assets/VR Beginner/Audio using Guid(cf8b71ecd80afd443b6b99ab707101c6) Importer(815301076,1909f56bfc062723c751e8b465ee728b)  -> (artifact id: '2ad7fbe76e797cfcbaa15b3b92f5cd9d') in 0.007378 seconds
  Import took 0.014059 seconds .

========================================================================
Received Import Request.
  Time since last request: 0.072619 seconds.
  path: Assets/VR Beginner/Audio/FutzedBGMMarble.ogg
  artifactKey: Guid(2ac63100fedeaab429c0456b63297f09) Importer(815301076,1909f56bfc062723c751e8b465ee728b)
Start importing Assets/VR Beginner/Audio/FutzedBGMMarble.ogg using Guid(2ac63100fedeaab429c0456b63297f09) Importer(815301076,1909f56bfc062723c751e8b465ee728b)  -> (artifact id: '6ff6dc91b424d0c1db05f491880bcd7e') in 0.033075 seconds
  Import took 0.038108 seconds .

========================================================================
Received Import Request.
  Time since last request: 0.000277 seconds.
  path: Assets/VR Beginner/Audio/SFXImpactHeavy04.ogg
  artifactKey: Guid(ef2663bec11889c428b2e990047067fc) Importer(815301076,1909f56bfc062723c751e8b465ee728b)
Start importing Assets/VR Beginner/Audio/SFXImpactHeavy04.ogg using Guid(ef2663bec11889c428b2e990047067fc) Importer(815301076,1909f56bfc062723c751e8b465ee728b)  -> (artifact id: '3c5cbbf5c3f277785181f81635db1640') in 0.014168 seconds
  Import took 0.019262 seconds .

========================================================================
Received Import Request.
  Time since last request: 0.000318 seconds.
  path: Assets/VR Beginner/Audio/SFXCauldronCreak01.ogg
  artifactKey: Guid(362b274e2f2d91b4bb1cd7556c435220) Importer(815301076,1909f56bfc062723c751e8b465ee728b)
Start importing Assets/VR Beginner/Audio/SFXCauldronCreak01.ogg using Guid(362b274e2f2d91b4bb1cd7556c435220) Importer(815301076,1909f56bfc062723c751e8b465ee728b)  -> (artifact id: '4a528e9dff4cba1d6a711fd56e06adb1') in 0.013808 seconds
  Import took 0.019556 seconds .

========================================================================
Received Import Request.
  Time since last request: 0.000315 seconds.
  path: Assets/VR Beginner/Audio/FutzedRadioTuning.ogg
  artifactKey: Guid(39f47a5988aabfd418d4815b69cca7a8) Importer(815301076,1909f56bfc062723c751e8b465ee728b)
Start importing Assets/VR Beginner/Audio/FutzedRadioTuning.ogg using Guid(39f47a5988aabfd418d4815b69cca7a8) Importer(815301076,1909f56bfc062723c751e8b465ee728b)  -> (artifact id: 'b7e966f393267e64d2113b31cccba55f') in 0.013990 seconds
  Import took 0.020184 seconds .

========================================================================
Received Import Request.
  Time since last request: 0.000278 seconds.
  path: Assets/VR Beginner/Audio/SFXCauldronButton04.ogg
  artifactKey: Guid(2a611e09f0cdf184aa4ae24279f38efc) Importer(815301076,1909f56bfc062723c751e8b465ee728b)
Start importing Assets/VR Beginner/Audio/SFXCauldronButton04.ogg using Guid(2a611e09f0cdf184aa4ae24279f38efc) Importer(815301076,1909f56bfc062723c751e8b465ee728b)  -> (artifact id: '24d6db3ef14b8b626db750fa2d067614') in 0.013985 seconds
  Import took 0.020839 seconds .

========================================================================
Received Import Request.
  Time since last request: 0.000326 seconds.
  path: Assets/VR Beginner/Audio/SFXImpactDrawer03.ogg
  artifactKey: Guid(06e137ed6aae03447a113745e2dd015a) Importer(815301076,1909f56bfc062723c751e8b465ee728b)
Start importing Assets/VR Beginner/Audio/SFXImpactDrawer03.ogg using Guid(06e137ed6aae03447a113745e2dd015a) Importer(815301076,1909f56bfc062723c751e8b465ee728b)  -> (artifact id: '35e7e89ab53de8c3bff60b1e4061f0d8') in 0.014714 seconds
  Import took 0.020210 seconds .

========================================================================
Received Import Request.
  Time since last request: 0.000329 seconds.
  path: Assets/VR Beginner/Audio/FutzedBGMPixelRPG.ogg
  artifactKey: Guid(593010e70058e0641b1941b87f5c8ca1) Importer(815301076,1909f56bfc062723c751e8b465ee728b)
Start importing Assets/VR Beginner/Audio/FutzedBGMPixelRPG.ogg using Guid(593010e70058e0641b1941b87f5c8ca1) Importer(815301076,1909f56bfc062723c751e8b465ee728b)  -> (artifact id: 'f802e86b063336ba023ad8ebc8edd66f') in 0.014528 seconds
  Import took 0.020423 seconds .

========================================================================
Received Import Request.
  Time since last request: 0.000353 seconds.
  path: Assets/VR Beginner/Audio/SFXImpactGlass03.ogg
  artifactKey: Guid(37991cf3b310d194dafe0b577f2bed19) Importer(815301076,1909f56bfc062723c751e8b465ee728b)
Start importing Assets/VR Beginner/Audio/SFXImpactGlass03.ogg using Guid(37991cf3b310d194dafe0b577f2bed19) Importer(815301076,1909f56bfc062723c751e8b465ee728b)  -> (artifact id: '7ecaab11372edeb0a478b32af931a421') in 0.016656 seconds
  Import took 0.022451 seconds .

========================================================================
Received Import Request.
  Time since last request: 0.000316 seconds.
  path: Assets/VR Beginner/Audio/SFXLiquidPourLoop.ogg
  artifactKey: Guid(3c60f683fe0f8d84c889fee74a95c765) Importer(815301076,1909f56bfc062723c751e8b465ee728b)
Start importing Assets/VR Beginner/Audio/SFXLiquidPourLoop.ogg using Guid(3c60f683fe0f8d84c889fee74a95c765) Importer(815301076,1909f56bfc062723c751e8b465ee728b)  -> (artifact id: 'f9ea07b5b5cfd7f0ed2655c012a84a2f') in 0.016331 seconds
  Import took 0.021652 seconds .

========================================================================
Received Import Request.
  Time since last request: 0.000258 seconds.
  path: Assets/VR Beginner/Audio/SFXCauldronBubbles02.wav
  artifactKey: Guid(0805da97cefa5ec42b4acac4092d9b6a) Importer(815301076,1909f56bfc062723c751e8b465ee728b)
Start importing Assets/VR Beginner/Audio/SFXCauldronBubbles02.wav using Guid(0805da97cefa5ec42b4acac4092d9b6a) Importer(815301076,1909f56bfc062723c751e8b465ee728b)  -> (artifact id: '1f247640055046a5c851bc92b9c3a554') in 0.042554 seconds
  Import took 0.047747 seconds .

========================================================================
Received Import Request.
  Time since last request: 0.000228 seconds.
  path: Assets/VR Beginner/Audio/FutzedBMGFPS.ogg
  artifactKey: Guid(5995d3fe9ccbef142ac8bae30f7ab246) Importer(815301076,1909f56bfc062723c751e8b465ee728b)
Start importing Assets/VR Beginner/Audio/FutzedBMGFPS.ogg using Guid(5995d3fe9ccbef142ac8bae30f7ab246) Importer(815301076,1909f56bfc062723c751e8b465ee728b)  -> (artifact id: '0fbdbc6b7136460eecc674ad2e53727a') in 0.014652 seconds
  Import took 0.020033 seconds .

========================================================================
Received Import Request.
  Time since last request: 0.000241 seconds.
  path: Assets/VR Beginner/Audio/SFXCauldronBubbleLoop.ogg
  artifactKey: Guid(f3def460b96abf440bbc45fa66d44c55) Importer(815301076,1909f56bfc062723c751e8b465ee728b)
Start importing Assets/VR Beginner/Audio/SFXCauldronBubbleLoop.ogg using Guid(f3def460b96abf440bbc45fa66d44c55) Importer(815301076,1909f56bfc062723c751e8b465ee728b)  -> (artifact id: 'dc55e0f4175e2d26b5db7a763562932d') in 0.014901 seconds
  Import took 0.020990 seconds .

========================================================================
Received Import Request.
  Time since last request: 0.000307 seconds.
  path: Assets/VR Beginner/Audio/SFXCauldronButton07.ogg
  artifactKey: Guid(6f02926f2a7661d4997569714f60463f) Importer(815301076,1909f56bfc062723c751e8b465ee728b)
Start importing Assets/VR Beginner/Audio/SFXCauldronButton07.ogg using Guid(6f02926f2a7661d4997569714f60463f) Importer(815301076,1909f56bfc062723c751e8b465ee728b)  -> (artifact id: '331ae7fed7697b2b21a8e904f508463f') in 0.015582 seconds
  Import took 0.022671 seconds .

========================================================================
Received Import Request.
  Time since last request: 0.000304 seconds.
  path: Assets/VR Beginner/Audio/SFXImpactSoft02.ogg
  artifactKey: Guid(698723fe94cb4964fb9e7e5aea60b03f) Importer(815301076,1909f56bfc062723c751e8b465ee728b)
Start importing Assets/VR Beginner/Audio/SFXImpactSoft02.ogg using Guid(698723fe94cb4964fb9e7e5aea60b03f) Importer(815301076,1909f56bfc062723c751e8b465ee728b)  -> (artifact id: '52ba2e0426b80e29b575725f69778ab1') in 0.014161 seconds
  Import took 0.019939 seconds .

========================================================================
Received Import Request.
  Time since last request: 0.000320 seconds.
  path: Assets/VR Beginner/Audio/SFXGlassSmash02.wav
  artifactKey: Guid(f113d79bd6c0a7c40acedb2b7039bb04) Importer(815301076,1909f56bfc062723c751e8b465ee728b)
Start importing Assets/VR Beginner/Audio/SFXGlassSmash02.wav using Guid(f113d79bd6c0a7c40acedb2b7039bb04) Importer(815301076,1909f56bfc062723c751e8b465ee728b)  -> (artifact id: '6a1d89ab3e96d09b4eee82d27e4fd8ee') in 0.014731 seconds
  Import took 0.020698 seconds .

========================================================================
Received Import Request.
  Time since last request: 0.000280 seconds.
  path: Assets/VR Beginner/Audio/FutzedBGMMenu.ogg
  artifactKey: Guid(d51aefc06b28742469e421eef9a847f0) Importer(815301076,1909f56bfc062723c751e8b465ee728b)
Start importing Assets/VR Beginner/Audio/FutzedBGMMenu.ogg using Guid(d51aefc06b28742469e421eef9a847f0) Importer(815301076,1909f56bfc062723c751e8b465ee728b)  -> (artifact id: '96b9f86350743f320da48d759c181989') in 0.013617 seconds
  Import took 0.019777 seconds .

========================================================================
Received Import Request.
  Time since last request: 0.000263 seconds.
  path: Assets/VR Beginner/Audio/SFXGlassSmash03.wav
  artifactKey: Guid(cb39de09e2e4cd64e94701af2f9e9c52) Importer(815301076,1909f56bfc062723c751e8b465ee728b)
Start importing Assets/VR Beginner/Audio/SFXGlassSmash03.wav using Guid(cb39de09e2e4cd64e94701af2f9e9c52) Importer(815301076,1909f56bfc062723c751e8b465ee728b)  -> (artifact id: '4d4fbbcef74203c67255da8791824473') in 0.013007 seconds
  Import took 0.019213 seconds .

========================================================================
Received Import Request.
  Time since last request: 0.000367 seconds.
  path: Assets/VR Beginner/Audio/SFXWandShoot.ogg
  artifactKey: Guid(0f575de090648e14da0f7e385b64535b) Importer(815301076,1909f56bfc062723c751e8b465ee728b)
Start importing Assets/VR Beginner/Audio/SFXWandShoot.ogg using Guid(0f575de090648e14da0f7e385b64535b) Importer(815301076,1909f56bfc062723c751e8b465ee728b)  -> (artifact id: 'c77cef13a6d716ebbf3c24a647f1ee2a') in 0.012631 seconds
  Import took 0.018001 seconds .

========================================================================
Received Import Request.
  Time since last request: 0.000226 seconds.
  path: Assets/VR Beginner/Audio/SFXChestLid.ogg
  artifactKey: Guid(451e7faaa340f5341bd134a304098adc) Importer(815301076,1909f56bfc062723c751e8b465ee728b)
Start importing Assets/VR Beginner/Audio/SFXChestLid.ogg using Guid(451e7faaa340f5341bd134a304098adc) Importer(815301076,1909f56bfc062723c751e8b465ee728b)  -> (artifact id: 'ba72846eb4dcb97fe014424490de04f6') in 0.014597 seconds
  Import took 0.020665 seconds .

========================================================================
Received Import Request.
  Time since last request: 0.000230 seconds.
  path: Assets/VR Beginner/Audio/SFXGlassSmash01.wav
  artifactKey: Guid(c7108ea2363f3754bbe4bc1a7f3e6b04) Importer(815301076,1909f56bfc062723c751e8b465ee728b)
Start importing Assets/VR Beginner/Audio/SFXGlassSmash01.wav using Guid(c7108ea2363f3754bbe4bc1a7f3e6b04) Importer(815301076,1909f56bfc062723c751e8b465ee728b)  -> (artifact id: 'd325797a6cbd0aa4758fcb36fb5a6bc1') in 0.013879 seconds
  Import took 0.018994 seconds .

========================================================================
Received Import Request.
  Time since last request: 0.000215 seconds.
  path: Assets/VR Beginner/Audio/SFXDoorOpen.ogg
  artifactKey: Guid(6078a4cd878c2364c91458e02ea0da26) Importer(815301076,1909f56bfc062723c751e8b465ee728b)
Start importing Assets/VR Beginner/Audio/SFXDoorOpen.ogg using Guid(6078a4cd878c2364c91458e02ea0da26) Importer(815301076,1909f56bfc062723c751e8b465ee728b)  -> (artifact id: 'dea9ff84125a63a24253ea8b1e84d69a') in 0.015277 seconds
  Import took 0.020547 seconds .

========================================================================
Received Import Request.
  Time since last request: 0.000285 seconds.
  path: Assets/VR Beginner/Audio/SFXImpactDrawer01.ogg
  artifactKey: Guid(8e39ccd7eed22a94d87f8dedd8c4d59e) Importer(815301076,1909f56bfc062723c751e8b465ee728b)
Start importing Assets/VR Beginner/Audio/SFXImpactDrawer01.ogg using Guid(8e39ccd7eed22a94d87f8dedd8c4d59e) Importer(815301076,1909f56bfc062723c751e8b465ee728b)  -> (artifact id: 'e86508b6a8a453ae2d11e6421db0e37f') in 0.012847 seconds
  Import took 0.018174 seconds .

========================================================================
Received Import Request.
  Time since last request: 0.000272 seconds.
  path: Assets/VR Beginner/Audio/SFXImpactLog01.ogg
  artifactKey: Guid(6b4bac90cc2b731469eec9b6ffcba5f1) Importer(815301076,1909f56bfc062723c751e8b465ee728b)
Start importing Assets/VR Beginner/Audio/SFXImpactLog01.ogg using Guid(6b4bac90cc2b731469eec9b6ffcba5f1) Importer(815301076,1909f56bfc062723c751e8b465ee728b)  -> (artifact id: 'ae070cf622f076553a7b6b7b53a3c2e2') in 0.014686 seconds
  Import took 0.021007 seconds .

========================================================================
Received Import Request.
  Time since last request: 0.000326 seconds.
  path: Assets/VR Beginner/Audio/SFXCauldronButton01.ogg
  artifactKey: Guid(dde83f12004999e42a761ddfe8b6e5fd) Importer(815301076,1909f56bfc062723c751e8b465ee728b)
Start importing Assets/VR Beginner/Audio/SFXCauldronButton01.ogg using Guid(dde83f12004999e42a761ddfe8b6e5fd) Importer(815301076,1909f56bfc062723c751e8b465ee728b)  -> (artifact id: 'd81d28ac9c4c9ee2081c919b79faff71') in 0.016166 seconds
  Import took 0.023093 seconds .

========================================================================
Received Import Request.
  Time since last request: 0.000438 seconds.
  path: Assets/VR Beginner/Audio/SFXDrawerLoopExperimental.ogg
  artifactKey: Guid(ab32a067930a9a544b7d83d1641396f8) Importer(815301076,1909f56bfc062723c751e8b465ee728b)
Start importing Assets/VR Beginner/Audio/SFXDrawerLoopExperimental.ogg using Guid(ab32a067930a9a544b7d83d1641396f8) Importer(815301076,1909f56bfc062723c751e8b465ee728b)  -> (artifact id: 'ddf5508d6156085be4c97dd1a0ba30ea') in 0.014964 seconds
  Import took 0.021349 seconds .

========================================================================
Received Import Request.
  Time since last request: 0.000286 seconds.
  path: Assets/VR Beginner/Audio/SFXImpactSoft01.ogg
  artifactKey: Guid(83d9659bbc3fb134a88248e4c847c0b1) Importer(815301076,1909f56bfc062723c751e8b465ee728b)
Start importing Assets/VR Beginner/Audio/SFXImpactSoft01.ogg using Guid(83d9659bbc3fb134a88248e4c847c0b1) Importer(815301076,1909f56bfc062723c751e8b465ee728b)  -> (artifact id: '2c84ac12735cd0c6ee1c3dbb752ad16e') in 0.014857 seconds
  Import took 0.021132 seconds .

========================================================================
Received Import Request.
  Time since last request: 0.000276 seconds.
  path: Assets/VR Beginner/Audio/SFXWandTwinkleLoop.wav
  artifactKey: Guid(2964d45b60d512642971a0b9597c61f9) Importer(815301076,1909f56bfc062723c751e8b465ee728b)
Start importing Assets/VR Beginner/Audio/SFXWandTwinkleLoop.wav using Guid(2964d45b60d512642971a0b9597c61f9) Importer(815301076,1909f56bfc062723c751e8b465ee728b)  -> (artifact id: '4a97b5165682b38913d7471ce42bf89b') in 0.016509 seconds
  Import took 0.023927 seconds .

========================================================================
Received Import Request.
  Time since last request: 0.000225 seconds.
  path: Assets/VR Beginner/Audio/SFXImpactDrawer02.ogg
  artifactKey: Guid(5ab86be4873fb2b48bf32cd4c98a8633) Importer(815301076,1909f56bfc062723c751e8b465ee728b)
Start importing Assets/VR Beginner/Audio/SFXImpactDrawer02.ogg using Guid(5ab86be4873fb2b48bf32cd4c98a8633) Importer(815301076,1909f56bfc062723c751e8b465ee728b)  -> (artifact id: 'a1556de26fd45c6c52035b8cd5c4c3c0') in 0.015629 seconds
  Import took 0.021612 seconds .

========================================================================
Received Import Request.
  Time since last request: 0.000264 seconds.
  path: Assets/VR Beginner/Audio/SFXCauldronBubbles03.wav
  artifactKey: Guid(3e0897d7e60751d46836868bc32fd660) Importer(815301076,1909f56bfc062723c751e8b465ee728b)
Start importing Assets/VR Beginner/Audio/SFXCauldronBubbles03.wav using Guid(3e0897d7e60751d46836868bc32fd660) Importer(815301076,1909f56bfc062723c751e8b465ee728b)  -> (artifact id: 'ef658465f8c2b623d0d8c62913582ecb') in 0.014308 seconds
  Import took 0.021459 seconds .

========================================================================
Received Import Request.
  Time since last request: 0.000197 seconds.
  path: Assets/VR Beginner/Audio/SFXKeyDrop02.wav
  artifactKey: Guid(f3911c4c25860e0479c9834b1b29d1c6) Importer(815301076,1909f56bfc062723c751e8b465ee728b)
Start importing Assets/VR Beginner/Audio/SFXKeyDrop02.wav using Guid(f3911c4c25860e0479c9834b1b29d1c6) Importer(815301076,1909f56bfc062723c751e8b465ee728b)  -> (artifact id: '99e647c3c3eb77374d9f1cc58efb6409') in 0.013511 seconds
  Import took 0.020152 seconds .

========================================================================
Received Import Request.
  Time since last request: 0.000195 seconds.
  path: Assets/VR Beginner/Audio/SFXImpactHeavy01.ogg
  artifactKey: Guid(e28c90b3e8525e24e8ffcc0a5e81f376) Importer(815301076,1909f56bfc062723c751e8b465ee728b)
Start importing Assets/VR Beginner/Audio/SFXImpactHeavy01.ogg using Guid(e28c90b3e8525e24e8ffcc0a5e81f376) Importer(815301076,1909f56bfc062723c751e8b465ee728b)  -> (artifact id: '70b84bf9b73eb209da1a335395832bc8') in 0.015026 seconds
  Import took 0.021937 seconds .

========================================================================
Received Import Request.
  Time since last request: 0.000222 seconds.
  path: Assets/VR Beginner/Audio/SFXCauldronButton02.ogg
  artifactKey: Guid(3785bef4b4d8bf74bb630d40dbf376a6) Importer(815301076,1909f56bfc062723c751e8b465ee728b)
Start importing Assets/VR Beginner/Audio/SFXCauldronButton02.ogg using Guid(3785bef4b4d8bf74bb630d40dbf376a6) Importer(815301076,1909f56bfc062723c751e8b465ee728b)  -> (artifact id: '483eef2f775d9d89d6db05f93f8993c1') in 0.015508 seconds
  Import took 0.021611 seconds .

========================================================================
Received Import Request.
  Time since last request: 0.000262 seconds.
  path: Assets/VR Beginner/Audio/SFXCauldronBubbles04.wav
  artifactKey: Guid(6115a09e3a85f5643b34ac304ab49344) Importer(815301076,1909f56bfc062723c751e8b465ee728b)
Start importing Assets/VR Beginner/Audio/SFXCauldronBubbles04.wav using Guid(6115a09e3a85f5643b34ac304ab49344) Importer(815301076,1909f56bfc062723c751e8b465ee728b)  -> (artifact id: 'f312f7178dabcc94acf6a623a55cd3f0') in 0.012827 seconds
  Import took 0.019457 seconds .

========================================================================
Received Import Request.
  Time since last request: 0.000212 seconds.
  path: Assets/VR Beginner/Audio/SFXWandTwinkleLoop_Tuneful.wav
  artifactKey: Guid(18f606970e9857d468acb536d4756272) Importer(815301076,1909f56bfc062723c751e8b465ee728b)
Start importing Assets/VR Beginner/Audio/SFXWandTwinkleLoop_Tuneful.wav using Guid(18f606970e9857d468acb536d4756272) Importer(815301076,1909f56bfc062723c751e8b465ee728b)  -> (artifact id: '6ee0e10136ebb8df4b1ade09ccd2e0fc') in 0.013475 seconds
  Import took 0.019772 seconds .

========================================================================
Received Import Request.
  Time since last request: 0.000215 seconds.
  path: Assets/VR Beginner/Audio/SFXEscape.wav
  artifactKey: Guid(fd3bd321378413940b70e184d3689cf9) Importer(815301076,1909f56bfc062723c751e8b465ee728b)
Start importing Assets/VR Beginner/Audio/SFXEscape.wav using Guid(fd3bd321378413940b70e184d3689cf9) Importer(815301076,1909f56bfc062723c751e8b465ee728b)  -> (artifact id: '92f5c43fc3ba9a8adffeeff084398724') in 0.014221 seconds
  Import took 0.019682 seconds .

========================================================================
Received Import Request.
  Time since last request: 0.000275 seconds.
  path: Assets/VR Beginner/Audio/SFXCauldronButton06.ogg
  artifactKey: Guid(8ed980f6e06d512428418716cf0ba79a) Importer(815301076,1909f56bfc062723c751e8b465ee728b)
Start importing Assets/VR Beginner/Audio/SFXCauldronButton06.ogg using Guid(8ed980f6e06d512428418716cf0ba79a) Importer(815301076,1909f56bfc062723c751e8b465ee728b)  -> (artifact id: 'a60aff7a5a3e40bace8aa6ba770b91eb') in 0.013798 seconds
  Import took 0.021026 seconds .

========================================================================
Received Import Request.
  Time since last request: 0.000285 seconds.
  path: Assets/VR Beginner/Audio/SFXCauldronButton03.ogg
  artifactKey: Guid(5e2c06615cb7d844894a2c1ca8087fdc) Importer(815301076,1909f56bfc062723c751e8b465ee728b)
Start importing Assets/VR Beginner/Audio/SFXCauldronButton03.ogg using Guid(5e2c06615cb7d844894a2c1ca8087fdc) Importer(815301076,1909f56bfc062723c751e8b465ee728b)  -> (artifact id: '5e2bed0119171f5a511e9e224c2b2991') in 0.013143 seconds
  Import took 0.019402 seconds .

========================================================================
Received Import Request.
  Time since last request: 0.000225 seconds.
  path: Assets/VR Beginner/Audio/SFXImpactLog03.ogg
  artifactKey: Guid(791539fbf0218d74584f4ed16c1e82af) Importer(815301076,1909f56bfc062723c751e8b465ee728b)
Start importing Assets/VR Beginner/Audio/SFXImpactLog03.ogg using Guid(791539fbf0218d74584f4ed16c1e82af) Importer(815301076,1909f56bfc062723c751e8b465ee728b)  -> (artifact id: 'c133d463e823bff6be5c11a1e5730d4c') in 0.014268 seconds
  Import took 0.021114 seconds .

========================================================================
Received Import Request.
  Time since last request: 0.000303 seconds.
  path: Assets/VR Beginner/Audio/SFXImpactGlass02.ogg
  artifactKey: Guid(f904124dfe2b8f94eb34729931f321b9) Importer(815301076,1909f56bfc062723c751e8b465ee728b)
Start importing Assets/VR Beginner/Audio/SFXImpactGlass02.ogg using Guid(f904124dfe2b8f94eb34729931f321b9) Importer(815301076,1909f56bfc062723c751e8b465ee728b)  -> (artifact id: '6fd7ba27c7183d8dd48514305a3a95fe') in 0.013147 seconds
  Import took 0.018223 seconds .

========================================================================
Received Import Request.
  Time since last request: 0.000191 seconds.
  path: Assets/VR Beginner/Audio/SFXKeyDrop.wav
  artifactKey: Guid(90e446b109c1ec24c9287706dc4b4a70) Importer(815301076,1909f56bfc062723c751e8b465ee728b)
Start importing Assets/VR Beginner/Audio/SFXKeyDrop.wav using Guid(90e446b109c1ec24c9287706dc4b4a70) Importer(815301076,1909f56bfc062723c751e8b465ee728b)  -> (artifact id: '110b14a9eab1003301528d4c1ff3ed84') in 0.015385 seconds
  Import took 0.022573 seconds .

========================================================================
Received Import Request.
  Time since last request: 0.000228 seconds.
  path: Assets/VR Beginner/Audio/SFXImpactHeavy02.ogg
  artifactKey: Guid(cb9c766249a53f94882893cd9d551dc8) Importer(815301076,1909f56bfc062723c751e8b465ee728b)
Start importing Assets/VR Beginner/Audio/SFXImpactHeavy02.ogg using Guid(cb9c766249a53f94882893cd9d551dc8) Importer(815301076,1909f56bfc062723c751e8b465ee728b)  -> (artifact id: 'fb585a4c34d59bbae54de4e9f8bafc10') in 0.013984 seconds
  Import took 0.020539 seconds .

========================================================================
Received Import Request.
  Time since last request: 0.000360 seconds.
  path: Assets/VR Beginner/Audio/SFXAtmos.ogg
  artifactKey: Guid(258ec0352c1e835408b182b35f359e47) Importer(815301076,1909f56bfc062723c751e8b465ee728b)
Start importing Assets/VR Beginner/Audio/SFXAtmos.ogg using Guid(258ec0352c1e835408b182b35f359e47) Importer(815301076,1909f56bfc062723c751e8b465ee728b)  -> (artifact id: 'f97d5955b290193fefdbd17c4916d1c5') in 0.019050 seconds
  Import took 0.026417 seconds .

========================================================================
Received Import Request.
  Time since last request: 0.000218 seconds.
  path: Assets/VR Beginner/Audio/SFXWandTwinkleZap.wav
  artifactKey: Guid(b80dddc602be16e48965c1a06c6741bb) Importer(815301076,1909f56bfc062723c751e8b465ee728b)
Start importing Assets/VR Beginner/Audio/SFXWandTwinkleZap.wav using Guid(b80dddc602be16e48965c1a06c6741bb) Importer(815301076,1909f56bfc062723c751e8b465ee728b)  -> (artifact id: 'ccacff968b3caa3028df9b46c1f4935d') in 0.013581 seconds
  Import took 0.019744 seconds .

========================================================================
Received Import Request.
  Time since last request: 0.000245 seconds.
  path: Assets/VR Beginner/Audio/SFXDoorClosed.ogg
  artifactKey: Guid(ff0fbfed0f2fd2f47bc4dd8cd489f200) Importer(815301076,1909f56bfc062723c751e8b465ee728b)
Start importing Assets/VR Beginner/Audio/SFXDoorClosed.ogg using Guid(ff0fbfed0f2fd2f47bc4dd8cd489f200) Importer(815301076,1909f56bfc062723c751e8b465ee728b)  -> (artifact id: 'd10b2b2b81022b27abf9f009918a3e44') in 0.013456 seconds
  Import took 0.019372 seconds .

========================================================================
Received Import Request.
  Time since last request: 0.000210 seconds.
  path: Assets/VR Beginner/Audio/SFXImpactGlass01.ogg
  artifactKey: Guid(aeecee88fe4ea95438b8294d67e1ad93) Importer(815301076,1909f56bfc062723c751e8b465ee728b)
Start importing Assets/VR Beginner/Audio/SFXImpactGlass01.ogg using Guid(aeecee88fe4ea95438b8294d67e1ad93) Importer(815301076,1909f56bfc062723c751e8b465ee728b)  -> (artifact id: '961236a34de7aac0e820a6c21e3150f4') in 0.012276 seconds
  Import took 0.017497 seconds .

========================================================================
Received Import Request.
  Time since last request: 0.000225 seconds.
  path: Assets/VR Beginner/Audio/SFXImpactSoft04.ogg
  artifactKey: Guid(265b976ddc682714d9a91ef26e3a56a8) Importer(815301076,1909f56bfc062723c751e8b465ee728b)
Start importing Assets/VR Beginner/Audio/SFXImpactSoft04.ogg using Guid(265b976ddc682714d9a91ef26e3a56a8) Importer(815301076,1909f56bfc062723c751e8b465ee728b)  -> (artifact id: '2a6136e009721f2d99ebe7995ef38465') in 0.011959 seconds
  Import took 0.017518 seconds .

========================================================================
Received Import Request.
  Time since last request: 0.000201 seconds.
  path: Assets/VR Beginner/Audio/SFXCorkPop02.ogg
  artifactKey: Guid(bf3b6017f75ddfa41a9d9510453f637e) Importer(815301076,1909f56bfc062723c751e8b465ee728b)
Start importing Assets/VR Beginner/Audio/SFXCorkPop02.ogg using Guid(bf3b6017f75ddfa41a9d9510453f637e) Importer(815301076,1909f56bfc062723c751e8b465ee728b)  -> (artifact id: '99b258327fb81e003fc46353a49608f9') in 0.012625 seconds
  Import took 0.017845 seconds .

========================================================================
Received Import Request.
  Time since last request: 0.000369 seconds.
  path: Assets/VR Beginner/Audio/SFXCauldronBrew.ogg
  artifactKey: Guid(cc18a2c840bc944498125cc8e5d1ddb1) Importer(815301076,1909f56bfc062723c751e8b465ee728b)
Start importing Assets/VR Beginner/Audio/SFXCauldronBrew.ogg using Guid(cc18a2c840bc944498125cc8e5d1ddb1) Importer(815301076,1909f56bfc062723c751e8b465ee728b)  -> (artifact id: 'b6b8d22aaa0d813b7f8ad174d5b4da3c') in 0.013132 seconds
  Import took 0.018457 seconds .

========================================================================
Received Import Request.
  Time since last request: 0.000209 seconds.
  path: Assets/VR Beginner/Audio/SFXCauldronButton08.ogg
  artifactKey: Guid(26555f76312e8464d9d591def198dd5f) Importer(815301076,1909f56bfc062723c751e8b465ee728b)
Start importing Assets/VR Beginner/Audio/SFXCauldronButton08.ogg using Guid(26555f76312e8464d9d591def198dd5f) Importer(815301076,1909f56bfc062723c751e8b465ee728b)  -> (artifact id: '4473694e74c635e82d822ce6bb9f8d76') in 0.012197 seconds
  Import took 0.017770 seconds .

========================================================================
Received Import Request.
  Time since last request: 0.000188 seconds.
  path: Assets/VR Beginner/Audio/SFXCauldronCreak02.ogg
  artifactKey: Guid(23d995a9ff50d1e4e96cee0d9e578811) Importer(815301076,1909f56bfc062723c751e8b465ee728b)
Start importing Assets/VR Beginner/Audio/SFXCauldronCreak02.ogg using Guid(23d995a9ff50d1e4e96cee0d9e578811) Importer(815301076,1909f56bfc062723c751e8b465ee728b)  -> (artifact id: '04a387f85ed5f92524f42eeec788c1a9') in 0.014953 seconds
  Import took 0.021108 seconds .

========================================================================
Received Import Request.
  Time since last request: 0.000203 seconds.
  path: Assets/VR Beginner/Audio/SFXImpactSoft03.ogg
  artifactKey: Guid(8cc71be63fa30a8419e2e07ffcdba8c1) Importer(815301076,1909f56bfc062723c751e8b465ee728b)
Start importing Assets/VR Beginner/Audio/SFXImpactSoft03.ogg using Guid(8cc71be63fa30a8419e2e07ffcdba8c1) Importer(815301076,1909f56bfc062723c751e8b465ee728b)  -> (artifact id: '51c6a3ace586bae3f482eaef9a8d5fb8') in 0.012129 seconds
  Import took 0.018260 seconds .

========================================================================
Received Import Request.
  Time since last request: 0.000200 seconds.
  path: Assets/VR Beginner/Audio/SFXPotionReady.ogg
  artifactKey: Guid(a5438be1d96979f49a91644905e54479) Importer(815301076,1909f56bfc062723c751e8b465ee728b)
Start importing Assets/VR Beginner/Audio/SFXPotionReady.ogg using Guid(a5438be1d96979f49a91644905e54479) Importer(815301076,1909f56bfc062723c751e8b465ee728b)  -> (artifact id: '2ef980dad9caa1ae2c83d869229a3b8e') in 0.013144 seconds
  Import took 0.018225 seconds .

========================================================================
Received Import Request.
  Time since last request: 0.000217 seconds.
  path: Assets/VR Beginner/Audio/SFXDoorHumLoop.ogg
  artifactKey: Guid(c1b79e2e7fc73f449af3051fb3044efb) Importer(815301076,1909f56bfc062723c751e8b465ee728b)
Start importing Assets/VR Beginner/Audio/SFXDoorHumLoop.ogg using Guid(c1b79e2e7fc73f449af3051fb3044efb) Importer(815301076,1909f56bfc062723c751e8b465ee728b)  -> (artifact id: '29c817b7cd3366414649c118f3d0bebe') in 0.012678 seconds
  Import took 0.017711 seconds .

========================================================================
Received Import Request.
  Time since last request: 0.000203 seconds.
  path: Assets/VR Beginner/Audio/SFXFireFlare.ogg
  artifactKey: Guid(ef7745ffc6ddb304fbe9359f0386220e) Importer(815301076,1909f56bfc062723c751e8b465ee728b)
Start importing Assets/VR Beginner/Audio/SFXFireFlare.ogg using Guid(ef7745ffc6ddb304fbe9359f0386220e) Importer(815301076,1909f56bfc062723c751e8b465ee728b)  -> (artifact id: 'dafcee4479d4f37eb35f659e516c6028') in 0.014290 seconds
  Import took 0.021088 seconds .

========================================================================
Received Import Request.
  Time since last request: 0.000214 seconds.
  path: Assets/VR Beginner/Audio/SFXImpactGlass04.ogg
  artifactKey: Guid(b67b5a0c64ab34e43aca3ac3aa4b1477) Importer(815301076,1909f56bfc062723c751e8b465ee728b)
Start importing Assets/VR Beginner/Audio/SFXImpactGlass04.ogg using Guid(b67b5a0c64ab34e43aca3ac3aa4b1477) Importer(815301076,1909f56bfc062723c751e8b465ee728b)  -> (artifact id: 'e846c30c87ee93b5649ea363855f81fa') in 0.015048 seconds
  Import took 0.023246 seconds .

========================================================================
Received Import Request.
  Time since last request: 0.000222 seconds.
  path: Assets/VR Beginner/Audio/SFXImpactLog02.ogg
  artifactKey: Guid(9149f8e7e15cde44c8442820cae0c004) Importer(815301076,1909f56bfc062723c751e8b465ee728b)
Start importing Assets/VR Beginner/Audio/SFXImpactLog02.ogg using Guid(9149f8e7e15cde44c8442820cae0c004) Importer(815301076,1909f56bfc062723c751e8b465ee728b)  -> (artifact id: '72dd5431e7e70a324d58f76be22a37f4') in 0.013039 seconds
  Import took 0.018753 seconds .

========================================================================
Received Import Request.
  Time since last request: 0.000190 seconds.
  path: Assets/VR Beginner/Audio/SFXLiquidPour.ogg
  artifactKey: Guid(c73fa4776c882fb4883ae9e22b5c3df7) Importer(815301076,1909f56bfc062723c751e8b465ee728b)
Start importing Assets/VR Beginner/Audio/SFXLiquidPour.ogg using Guid(c73fa4776c882fb4883ae9e22b5c3df7) Importer(815301076,1909f56bfc062723c751e8b465ee728b)  -> (artifact id: 'd3eb785fe0aee456457f1319b8346d33') in 0.014644 seconds
  Import took 0.020323 seconds .

========================================================================
Received Import Request.
  Time since last request: 0.000246 seconds.
  path: Assets/VR Beginner/Audio/SFXImpactBooks02.ogg
  artifactKey: Guid(a7cd600e47c255946a3597a75b184727) Importer(815301076,1909f56bfc062723c751e8b465ee728b)
Start importing Assets/VR Beginner/Audio/SFXImpactBooks02.ogg using Guid(a7cd600e47c255946a3597a75b184727) Importer(815301076,1909f56bfc062723c751e8b465ee728b)  -> (artifact id: 'b356f70267975d3703e8f09527b63c15') in 0.014528 seconds
  Import took 0.021174 seconds .

========================================================================
Received Import Request.
  Time since last request: 0.000264 seconds.
  path: Assets/VR Beginner/Audio/SFXCorkPop01.ogg
  artifactKey: Guid(6a98e81ed6ddd014297d709a3a596565) Importer(815301076,1909f56bfc062723c751e8b465ee728b)
Start importing Assets/VR Beginner/Audio/SFXCorkPop01.ogg using Guid(6a98e81ed6ddd014297d709a3a596565) Importer(815301076,1909f56bfc062723c751e8b465ee728b)  -> (artifact id: '1841f892bdc1435ac063389caba8857f') in 0.014290 seconds
  Import took 0.021573 seconds .

========================================================================
Received Import Request.
  Time since last request: 0.000231 seconds.
  path: Assets/VR Beginner/Audio/SFXCauldronButton05.ogg
  artifactKey: Guid(21e7f6427ab3ec64d94c1960eeb1f810) Importer(815301076,1909f56bfc062723c751e8b465ee728b)
Start importing Assets/VR Beginner/Audio/SFXCauldronButton05.ogg using Guid(21e7f6427ab3ec64d94c1960eeb1f810) Importer(815301076,1909f56bfc062723c751e8b465ee728b)  -> (artifact id: 'c7bd82f9569de328d22b6a2c88e197f3') in 0.014129 seconds
  Import took 0.020985 seconds .

========================================================================
Received Import Request.
  Time since last request: 0.000229 seconds.
  path: Assets/VR Beginner/Audio/SFXCrow.ogg
  artifactKey: Guid(f4de882d8ce51b444a87ca35061d9856) Importer(815301076,1909f56bfc062723c751e8b465ee728b)
Start importing Assets/VR Beginner/Audio/SFXCrow.ogg using Guid(f4de882d8ce51b444a87ca35061d9856) Importer(815301076,1909f56bfc062723c751e8b465ee728b)  -> (artifact id: '18df74ba88cb050b0536029ed9e992c8') in 0.014180 seconds
  Import took 0.021011 seconds .

========================================================================
Received Import Request.
  Time since last request: 0.000200 seconds.
  path: Assets/VR Beginner/Audio/SFXFire.ogg
  artifactKey: Guid(c184d2b6c2965a4449fe96576f04fd52) Importer(815301076,1909f56bfc062723c751e8b465ee728b)
Start importing Assets/VR Beginner/Audio/SFXFire.ogg using Guid(c184d2b6c2965a4449fe96576f04fd52) Importer(815301076,1909f56bfc062723c751e8b465ee728b)  -> (artifact id: 'c7c62ebb187b8417623bc4d33c81a93e') in 0.014946 seconds
  Import took 0.020516 seconds .

========================================================================
Received Import Request.
  Time since last request: 0.000263 seconds.
  path: Assets/VR Beginner/Audio/SFXImpactHeavy03.ogg
  artifactKey: Guid(6cc51a4bbc69b8146b6170eb6efeae2e) Importer(815301076,1909f56bfc062723c751e8b465ee728b)
Start importing Assets/VR Beginner/Audio/SFXImpactHeavy03.ogg using Guid(6cc51a4bbc69b8146b6170eb6efeae2e) Importer(815301076,1909f56bfc062723c751e8b465ee728b)  -> (artifact id: '8f2366fd118f98f942180ef6c1a1a6bc') in 0.011901 seconds
  Import took 0.017851 seconds .

========================================================================
Received Import Request.
  Time since last request: 0.000193 seconds.
  path: Assets/VR Beginner/Audio/SFXImpactBooks01.ogg
  artifactKey: Guid(5a4cd35a425a3364aadb3fa808a3f3d9) Importer(815301076,1909f56bfc062723c751e8b465ee728b)
Start importing Assets/VR Beginner/Audio/SFXImpactBooks01.ogg using Guid(5a4cd35a425a3364aadb3fa808a3f3d9) Importer(815301076,1909f56bfc062723c751e8b465ee728b)  -> (artifact id: 'aeadb1eb558becf039b15e164e9d0d60') in 0.012178 seconds
  Import took 0.017597 seconds .

========================================================================
Received Import Request.
  Time since last request: 0.000191 seconds.
  path: Assets/VR Beginner/Audio/SFXBookOpens.ogg
  artifactKey: Guid(f3970f254a8e7774db3f46c61e95c151) Importer(815301076,1909f56bfc062723c751e8b465ee728b)
Start importing Assets/VR Beginner/Audio/SFXBookOpens.ogg using Guid(f3970f254a8e7774db3f46c61e95c151) Importer(815301076,1909f56bfc062723c751e8b465ee728b)  -> (artifact id: '7ccbcc6f8416dea178f6b04ddfd00bc0') in 0.012359 seconds
  Import took 0.017694 seconds .

========================================================================
Received Import Request.
  Time since last request: 0.000225 seconds.
  path: Assets/VR Beginner/Audio/SFXCauldronDrain.ogg
  artifactKey: Guid(71bffc7420eac69418f1d516aa4d1f91) Importer(815301076,1909f56bfc062723c751e8b465ee728b)
Start importing Assets/VR Beginner/Audio/SFXCauldronDrain.ogg using Guid(71bffc7420eac69418f1d516aa4d1f91) Importer(815301076,1909f56bfc062723c751e8b465ee728b)  -> (artifact id: '7f64db47b5993a87760b1ef0ffb57952') in 0.013808 seconds
  Import took 0.019443 seconds .

========================================================================
Received Import Request.
  Time since last request: 0.000180 seconds.
  path: Assets/VR Beginner/Audio/SFXCauldronBubbles01.wav
  artifactKey: Guid(986c52d55247fea4ab08fa9456e96e0f) Importer(815301076,1909f56bfc062723c751e8b465ee728b)
Start importing Assets/VR Beginner/Audio/SFXCauldronBubbles01.wav using Guid(986c52d55247fea4ab08fa9456e96e0f) Importer(815301076,1909f56bfc062723c751e8b465ee728b)  -> (artifact id: 'b5a62e960948628b89ffe78f231c104b') in 0.013416 seconds
  Import took 0.019327 seconds .

========================================================================
Received Import Request.
  Time since last request: 0.000210 seconds.
  path: Assets/VR Beginner/Audio/SFXImpactBooks03.ogg
  artifactKey: Guid(4ce3900ffcaff544eaa834c6ee9c5bb5) Importer(815301076,1909f56bfc062723c751e8b465ee728b)
Start importing Assets/VR Beginner/Audio/SFXImpactBooks03.ogg using Guid(4ce3900ffcaff544eaa834c6ee9c5bb5) Importer(815301076,1909f56bfc062723c751e8b465ee728b)  -> (artifact id: 'eabd83ee2087c683b5c2bc8337733628') in 0.013031 seconds
  Import took 0.018239 seconds .

========================================================================
Received Prepare
Registering precompiled user dll's ...
Registered in 0.004957 seconds.
Begin MonoManager ReloadAssembly
Native extension for WindowsStandalone target not found
Refreshing native plugins compatible for Editor in 0.65 ms, found 3 plugins.
Preloading 1 native plugins for Editor in 0.12 ms.
Invoked RoslynAnalysisRunner static constructor.
RoslynAnalysisRunner will not be running.
RoslynAnalysisRunner has terminated.
NullReferenceException: Object reference not set to an instance of an object
  at Unity.XR.Oculus.OculusLoader.AssetPathToAbsolutePath (System.String assetPath) [0x00048] in C:\Users\cdw17b\EscapeDude\Library\PackageCache\com.unity.xr.oculus@1.6.1\Runtime\OculusLoader.cs:242 
  at Unity.XR.Oculus.OculusLoader.EditorLoadOVRPlugin () [0x0007b] in C:\Users\cdw17b\EscapeDude\Library\PackageCache\com.unity.xr.oculus@1.6.1\Runtime\OculusLoader.cs:227 

(Filename: Library/PackageCache/com.unity.xr.oculus@1.6.1/Runtime/OculusLoader.cs Line: 242)

Mono: successfully reloaded assembly
- Completed reload, in  0.979 seconds
Platform modules already initialized, skipping
Shader 'Universal Render Pipeline/Particles/Lit': fallback shader 'Universal Render Pipeline/Particles/SimpleLit' not found
Refreshing native plugins compatible for Editor in 0.61 ms, found 3 plugins.
Preloading 1 native plugins for Editor in 0.13 ms.
Unloading 3031 Unused Serialized files (Serialized files now loaded: 0)
System memory in use before: 146.3 MB.
System memory in use after: 146.5 MB.

Unloading 9 unused Assets to reduce memory usage. Loaded Objects now: 3655.
Total: 2.873700 ms (FindLiveObjects: 0.397600 ms CreateObjectMapping: 0.175700 ms MarkObjects: 2.171800 ms  DeleteObjects: 0.127500 ms)

========================================================================
Received Import Request.
  Time since last request: 77.443159 seconds.
  path: Assets
  artifactKey: Guid(00000000000000001000000000000000) Importer(815301076,1909f56bfc062723c751e8b465ee728b)
Start importing Assets using Guid(00000000000000001000000000000000) Importer(815301076,1909f56bfc062723c751e8b465ee728b)  -> (artifact id: '653ce283d384579a24208b2e4d727c2a') in 0.011251 seconds
  Import took 0.017246 seconds .

========================================================================
Received Import Request.
  Time since last request: 20.134478 seconds.
  path: Assets/TutorialCCDatabase.asset
  artifactKey: Guid(b6c65c2285282eb40946d3b8a3fb7030) Importer(815301076,1909f56bfc062723c751e8b465ee728b)
Start importing Assets/TutorialCCDatabase.asset using Guid(b6c65c2285282eb40946d3b8a3fb7030) Importer(815301076,1909f56bfc062723c751e8b465ee728b)  -> (artifact id: 'e65eb28439be2bebfeb2beba286e0cb4') in 0.019668 seconds
  Import took 0.026092 seconds .

========================================================================
Received Import Request.
  Time since last request: 0.001288 seconds.
  path: Assets/TutorialCCDatabase.asset
  artifactKey: Guid(b6c65c2285282eb40946d3b8a3fb7030) Importer(815301076,1909f56bfc062723c751e8b465ee728b)
Start importing Assets/TutorialCCDatabase.asset using Guid(b6c65c2285282eb40946d3b8a3fb7030) Importer(815301076,1909f56bfc062723c751e8b465ee728b)  -> (artifact id: 'e65eb28439be2bebfeb2beba286e0cb4') in 0.006922 seconds
  Import took 0.012899 seconds .

========================================================================
Received Import Request.
  Time since last request: 13.797584 seconds.
  path: Assets/VR Beginner
  artifactKey: Guid(bf90c63b4b31b0540909a010025777b7) Importer(815301076,1909f56bfc062723c751e8b465ee728b)
Start importing Assets/VR Beginner using Guid(bf90c63b4b31b0540909a010025777b7) Importer(815301076,1909f56bfc062723c751e8b465ee728b)  -> (artifact id: '034edff14209a4ff86fa62f645f7cc73') in 0.007637 seconds
  Import took 0.013852 seconds .

========================================================================
Received Import Request.
  Time since last request: 100.620344 seconds.
  path: Assets/VR Beginner/Prefabs/System
  artifactKey: Guid(7268a82bd36b6f94b8ce9d4b42c502c5) Importer(815301076,1909f56bfc062723c751e8b465ee728b)
Start importing Assets/VR Beginner/Prefabs/System using Guid(7268a82bd36b6f94b8ce9d4b42c502c5) Importer(815301076,1909f56bfc062723c751e8b465ee728b)  -> (artifact id: '95649f8dd323a6705e7eb5e034bc2e3e') in 0.007454 seconds
  Import took 0.013281 seconds .

========================================================================
Received Import Request.
  Time since last request: 0.099721 seconds.
  path: Assets/VR Beginner/Prefabs/System/CCCanvas.prefab
  artifactKey: Guid(3af81b2bb22b60348b47e8d0605411fe) Importer(815301076,1909f56bfc062723c751e8b465ee728b)
Start importing Assets/VR Beginner/Prefabs/System/CCCanvas.prefab using Guid(3af81b2bb22b60348b47e8d0605411fe) Importer(815301076,1909f56bfc062723c751e8b465ee728b)  -> (artifact id: '045080ca07ab0872498b2beb11c55293') in 0.026665 seconds
  Import took 0.032098 seconds .

========================================================================
Received Import Request.
  Time since last request: 0.000319 seconds.
  path: Assets/VR Beginner/Prefabs/System/CCSystem.prefab
  artifactKey: Guid(358b0eb736b06da40986b005d9aa1146) Importer(815301076,1909f56bfc062723c751e8b465ee728b)
Start importing Assets/VR Beginner/Prefabs/System/CCSystem.prefab using Guid(358b0eb736b06da40986b005d9aa1146) Importer(815301076,1909f56bfc062723c751e8b465ee728b)  -> (artifact id: '3b61699228f83322963b22da5d526d9b') in 0.042163 seconds
  Import took 0.047749 seconds .

========================================================================
Received Import Request.
  Time since last request: 0.000284 seconds.
  path: Assets/VR Beginner/Prefabs/System/XR Rig.prefab
  artifactKey: Guid(d45e8a6999317d2428a51593da44d3ab) Importer(815301076,1909f56bfc062723c751e8b465ee728b)
Start importing Assets/VR Beginner/Prefabs/System/XR Rig.prefab using Guid(d45e8a6999317d2428a51593da44d3ab) Importer(815301076,1909f56bfc062723c751e8b465ee728b)  -> (artifact id: '3bad0f2caed18d46fb43ac55846549f0') in 0.058368 seconds
  Import took 0.063582 seconds .

========================================================================
Received Import Request.
  Time since last request: 0.000268 seconds.
  path: Assets/VR Beginner/Prefabs/System/SFXplayer.prefab
  artifactKey: Guid(26b18545daec92646a05473136a2183a) Importer(815301076,1909f56bfc062723c751e8b465ee728b)
Start importing Assets/VR Beginner/Prefabs/System/SFXplayer.prefab using Guid(26b18545daec92646a05473136a2183a) Importer(815301076,1909f56bfc062723c751e8b465ee728b)  -> (artifact id: '3cccaedee6eff11aac6994e70aadd178') in 0.010797 seconds
  Import took 0.015813 seconds .

========================================================================
Received Import Request.
  Time since last request: 0.000331 seconds.
  path: Assets/VR Beginner/Prefabs/System/CCIndicator.prefab
  artifactKey: Guid(e391440c91e82f8459029f1bce8f6fc2) Importer(815301076,1909f56bfc062723c751e8b465ee728b)
Start importing Assets/VR Beginner/Prefabs/System/CCIndicator.prefab using Guid(e391440c91e82f8459029f1bce8f6fc2) Importer(815301076,1909f56bfc062723c751e8b465ee728b)  -> (artifact id: '064d3518e44e045b73b0f9dd4d6c0b91') in 0.010259 seconds
  Import took 0.015908 seconds .

========================================================================
Received Import Request.
  Time since last request: 217.724943 seconds.
  path: Assets/TutorialCCDatabase.asset
  artifactKey: Guid(b6c65c2285282eb40946d3b8a3fb7030) Importer(815301076,1909f56bfc062723c751e8b465ee728b)
Start importing Assets/TutorialCCDatabase.asset using Guid(b6c65c2285282eb40946d3b8a3fb7030) Importer(815301076,1909f56bfc062723c751e8b465ee728b)  -> (artifact id: '8d94445558997b023e4ffa2e86d112ea') in 0.007061 seconds
  Import took 0.013903 seconds .

========================================================================
Received Import Request.
  Time since last request: 60.731770 seconds.
  path: Assets/TutorialCCDatabase.asset
  artifactKey: Guid(b6c65c2285282eb40946d3b8a3fb7030) Importer(815301076,1909f56bfc062723c751e8b465ee728b)
Start importing Assets/TutorialCCDatabase.asset using Guid(b6c65c2285282eb40946d3b8a3fb7030) Importer(815301076,1909f56bfc062723c751e8b465ee728b)  -> (artifact id: 'b6d1a666313b97b989b3a442816b3923') in 0.010168 seconds
  Import took 0.016386 seconds .

========================================================================
Received Prepare
Registering precompiled user dll's ...
Registered in 0.004277 seconds.
Begin MonoManager ReloadAssembly
Native extension for WindowsStandalone target not found
Refreshing native plugins compatible for Editor in 0.70 ms, found 3 plugins.
Preloading 1 native plugins for Editor in 0.10 ms.
Invoked RoslynAnalysisRunner static constructor.
RoslynAnalysisRunner will not be running.
RoslynAnalysisRunner has terminated.
NullReferenceException: Object reference not set to an instance of an object
  at Unity.XR.Oculus.OculusLoader.AssetPathToAbsolutePath (System.String assetPath) [0x00048] in C:\Users\cdw17b\EscapeDude\Library\PackageCache\com.unity.xr.oculus@1.6.1\Runtime\OculusLoader.cs:242 
  at Unity.XR.Oculus.OculusLoader.EditorLoadOVRPlugin () [0x0007b] in C:\Users\cdw17b\EscapeDude\Library\PackageCache\com.unity.xr.oculus@1.6.1\Runtime\OculusLoader.cs:227 

(Filename: Library/PackageCache/com.unity.xr.oculus@1.6.1/Runtime/OculusLoader.cs Line: 242)

Mono: successfully reloaded assembly
- Completed reload, in  0.968 seconds
Platform modules already initialized, skipping
Shader 'Universal Render Pipeline/Particles/Lit': fallback shader 'Universal Render Pipeline/Particles/SimpleLit' not found
Refreshing native plugins compatible for Editor in 0.56 ms, found 3 plugins.
Preloading 1 native plugins for Editor in 0.09 ms.
Unloading 3027 Unused Serialized files (Serialized files now loaded: 0)
System memory in use before: 146.1 MB.
System memory in use after: 146.3 MB.

Unloading 10 unused Assets to reduce memory usage. Loaded Objects now: 3660.
Total: 2.409900 ms (FindLiveObjects: 0.457400 ms CreateObjectMapping: 0.142600 ms MarkObjects: 1.711900 ms  DeleteObjects: 0.096800 ms)

========================================================================
Received Import Request.
  Time since last request: 381.818774 seconds.
  path: Assets/TutorialCCDatabase.asset
  artifactKey: Guid(b6c65c2285282eb40946d3b8a3fb7030) Importer(815301076,1909f56bfc062723c751e8b465ee728b)
Start importing Assets/TutorialCCDatabase.asset using Guid(b6c65c2285282eb40946d3b8a3fb7030) Importer(815301076,1909f56bfc062723c751e8b465ee728b)  -> (artifact id: 'd46578fba22e887d0af9fdbd0599f2b9') in 0.018402 seconds
  Import took 0.023237 seconds .

========================================================================
Received Prepare
Registering precompiled user dll's ...
Registered in 0.004437 seconds.
Begin MonoManager ReloadAssembly
Native extension for WindowsStandalone target not found
Refreshing native plugins compatible for Editor in 0.62 ms, found 3 plugins.
Preloading 1 native plugins for Editor in 0.13 ms.
Invoked RoslynAnalysisRunner static constructor.
RoslynAnalysisRunner will not be running.
RoslynAnalysisRunner has terminated.
NullReferenceException: Object reference not set to an instance of an object
  at Unity.XR.Oculus.OculusLoader.AssetPathToAbsolutePath (System.String assetPath) [0x00048] in C:\Users\cdw17b\EscapeDude\Library\PackageCache\com.unity.xr.oculus@1.6.1\Runtime\OculusLoader.cs:242 
  at Unity.XR.Oculus.OculusLoader.EditorLoadOVRPlugin () [0x0007b] in C:\Users\cdw17b\EscapeDude\Library\PackageCache\com.unity.xr.oculus@1.6.1\Runtime\OculusLoader.cs:227 

(Filename: Library/PackageCache/com.unity.xr.oculus@1.6.1/Runtime/OculusLoader.cs Line: 242)

Mono: successfully reloaded assembly
- Completed reload, in  1.020 seconds
Platform modules already initialized, skipping
Shader 'Universal Render Pipeline/Particles/Lit': fallback shader 'Universal Render Pipeline/Particles/SimpleLit' not found
Refreshing native plugins compatible for Editor in 0.58 ms, found 3 plugins.
Preloading 1 native plugins for Editor in 0.10 ms.
Unloading 3027 Unused Serialized files (Serialized files now loaded: 0)
System memory in use before: 146.1 MB.
System memory in use after: 146.3 MB.

Unloading 8 unused Assets to reduce memory usage. Loaded Objects now: 3663.
Total: 2.558100 ms (FindLiveObjects: 0.392400 ms CreateObjectMapping: 0.151300 ms MarkObjects: 1.923700 ms  DeleteObjects: 0.089700 ms)

========================================================================
Received Prepare
Registering precompiled user dll's ...
Registered in 0.004143 seconds.
Begin MonoManager ReloadAssembly
Native extension for WindowsStandalone target not found
Refreshing native plugins compatible for Editor in 0.79 ms, found 3 plugins.
Preloading 1 native plugins for Editor in 0.11 ms.
Invoked RoslynAnalysisRunner static constructor.
RoslynAnalysisRunner will not be running.
RoslynAnalysisRunner has terminated.
NullReferenceException: Object reference not set to an instance of an object
  at Unity.XR.Oculus.OculusLoader.AssetPathToAbsolutePath (System.String assetPath) [0x00048] in C:\Users\cdw17b\EscapeDude\Library\PackageCache\com.unity.xr.oculus@1.6.1\Runtime\OculusLoader.cs:242 
  at Unity.XR.Oculus.OculusLoader.EditorLoadOVRPlugin () [0x0007b] in C:\Users\cdw17b\EscapeDude\Library\PackageCache\com.unity.xr.oculus@1.6.1\Runtime\OculusLoader.cs:227 

(Filename: Library/PackageCache/com.unity.xr.oculus@1.6.1/Runtime/OculusLoader.cs Line: 242)

Mono: successfully reloaded assembly
- Completed reload, in  0.941 seconds
Platform modules already initialized, skipping
Shader 'Universal Render Pipeline/Particles/Lit': fallback shader 'Universal Render Pipeline/Particles/SimpleLit' not found
Refreshing native plugins compatible for Editor in 0.68 ms, found 3 plugins.
Preloading 1 native plugins for Editor in 0.09 ms.
Unloading 3027 Unused Serialized files (Serialized files now loaded: 0)
System memory in use before: 146.1 MB.
System memory in use after: 146.3 MB.

Unloading 8 unused Assets to reduce memory usage. Loaded Objects now: 3666.
Total: 2.359000 ms (FindLiveObjects: 0.407700 ms CreateObjectMapping: 0.150600 ms MarkObjects: 1.710900 ms  DeleteObjects: 0.089100 ms)

========================================================================
Received Import Request.
  Time since last request: 217.857747 seconds.
  path: Assets/CreatorKitVR_Third-PartyNotice.txt
  artifactKey: Guid(5e60988dc83acd149a38f96da490d23d) Importer(815301076,1909f56bfc062723c751e8b465ee728b)
Start importing Assets/CreatorKitVR_Third-PartyNotice.txt using Guid(5e60988dc83acd149a38f96da490d23d) Importer(815301076,1909f56bfc062723c751e8b465ee728b)  -> (artifact id: 'e7216ba67862717ced6b83fd7ba2c734') in 0.028338 seconds
  Import took 0.033681 seconds .

AssetImportWorkerClient::OnTransportError - code=2 error=End of file
